[6/8/2020, 12:01:51 AM] INFO [ 'Datastore initialization done' ]
[6/8/2020, 12:01:51 AM] INFO [ 'RestServer start' ]
[6/8/2020, 12:01:51 AM] INFO [ 'Construct local machine training service.' ]
[6/8/2020, 12:01:51 AM] INFO [ 'RestServer base port is 8080' ]
[6/8/2020, 12:01:51 AM] INFO [ 'Rest server listening on: http://0.0.0.0:8080' ]
[6/8/2020, 12:01:53 AM] INFO [ 'NNIManager setClusterMetadata, key: trial_config, value: {"command":"python main_nas.py --epochs 300 --num_workers 8","codeDir":"/home/baidonglin/Projects/nni/nas/.","gpuNum":1}' ]
[6/8/2020, 12:01:53 AM] INFO [ 'required GPU number is 1' ]
[6/8/2020, 12:01:53 AM] INFO [ 'Starting experiment: XUxjyZuG' ]
[6/8/2020, 12:01:53 AM] INFO [ 'Change NNIManager status from: INITIALIZED to: RUNNING' ]
[6/8/2020, 12:01:53 AM] INFO [ 'Add event listeners' ]
[6/8/2020, 12:01:53 AM] INFO [ 'Run local machine training service.' ]
[6/8/2020, 12:01:53 AM] WARNING [ 'gpu_metrics file does not exist!' ]
[6/8/2020, 12:01:54 AM] INFO [ 'NNIManager received command from dispatcher: ID, ' ]
[6/8/2020, 12:01:54 AM] INFO [ 'NNIManager received command from dispatcher: TR, {"parameter_id": 0, "parameter_source": "algorithm", "parameters": {"model": "vgg16", "optimizer": "sgd", "weight_decay": 0.0001, "momentum": 0.99, "batch_size": 128, "initial_lr": 0.001}, "parameter_index": 0}' ]
[6/8/2020, 12:01:54 AM] INFO [ 'NNIManager received command from dispatcher: TR, {"parameter_id": 1, "parameter_source": "algorithm", "parameters": {"model": "vgg16", "optimizer": "rmsprop", "weight_decay": 0.001, "momentum": 0.9, "batch_size": 256, "initial_lr": 0.0001}, "parameter_index": 0}' ]
[6/8/2020, 12:01:58 AM] INFO [ 'submitTrialJob: form: {"sequenceId":0,"hyperParameters":{"value":"{\\"parameter_id\\": 0, \\"parameter_source\\": \\"algorithm\\", \\"parameters\\": {\\"model\\": \\"vgg16\\", \\"optimizer\\": \\"sgd\\", \\"weight_decay\\": 0.0001, \\"momentum\\": 0.99, \\"batch_size\\": 128, \\"initial_lr\\": 0.001}, \\"parameter_index\\": 0}","index":0}}' ]
[6/8/2020, 12:01:58 AM] INFO [ 'submitTrialJob: form: {"sequenceId":1,"hyperParameters":{"value":"{\\"parameter_id\\": 1, \\"parameter_source\\": \\"algorithm\\", \\"parameters\\": {\\"model\\": \\"vgg16\\", \\"optimizer\\": \\"rmsprop\\", \\"weight_decay\\": 0.001, \\"momentum\\": 0.9, \\"batch_size\\": 256, \\"initial_lr\\": 0.0001}, \\"parameter_index\\": 0}","index":0}}' ]
[6/8/2020, 12:02:03 AM] INFO [ 'Trial job pk3Lj status changed from WAITING to RUNNING' ]
[6/8/2020, 12:02:03 AM] INFO [ 'Trial job R9UZl status changed from WAITING to RUNNING' ]
[6/8/2020, 1:45:45 AM] INFO [ 'Trial job R9UZl status changed from RUNNING to SUCCEEDED' ]
[6/8/2020, 1:45:45 AM] INFO [ 'NNIManager received command from dispatcher: TR, {"parameter_id": 2, "parameter_source": "algorithm", "parameters": {"model": "vgg16", "optimizer": "rmsprop", "weight_decay": 0.0005, "momentum": 0.99, "batch_size": 128, "initial_lr": 1e-05}, "parameter_index": 0}' ]
[6/8/2020, 1:45:50 AM] INFO [ 'submitTrialJob: form: {"sequenceId":2,"hyperParameters":{"value":"{\\"parameter_id\\": 2, \\"parameter_source\\": \\"algorithm\\", \\"parameters\\": {\\"model\\": \\"vgg16\\", \\"optimizer\\": \\"rmsprop\\", \\"weight_decay\\": 0.0005, \\"momentum\\": 0.99, \\"batch_size\\": 128, \\"initial_lr\\": 1e-05}, \\"parameter_index\\": 0}","index":0}}' ]
[6/8/2020, 1:45:55 AM] INFO [ 'Trial job VlD5h status changed from WAITING to RUNNING' ]
[6/8/2020, 2:02:22 AM] INFO [ 'Trial job pk3Lj status changed from RUNNING to SUCCEEDED' ]
[6/8/2020, 2:02:22 AM] INFO [ 'NNIManager received command from dispatcher: TR, {"parameter_id": 3, "parameter_source": "algorithm", "parameters": {"model": "vgg16", "optimizer": "rmsprop", "weight_decay": 0.0001, "momentum": 0.99, "batch_size": 256, "initial_lr": 1e-05}, "parameter_index": 0}' ]
[6/8/2020, 2:02:27 AM] INFO [ 'submitTrialJob: form: {"sequenceId":3,"hyperParameters":{"value":"{\\"parameter_id\\": 3, \\"parameter_source\\": \\"algorithm\\", \\"parameters\\": {\\"model\\": \\"vgg16\\", \\"optimizer\\": \\"rmsprop\\", \\"weight_decay\\": 0.0001, \\"momentum\\": 0.99, \\"batch_size\\": 256, \\"initial_lr\\": 1e-05}, \\"parameter_index\\": 0}","index":0}}' ]
[6/8/2020, 2:02:32 AM] INFO [ 'Trial job vFKiF status changed from WAITING to RUNNING' ]
[6/8/2020, 3:49:10 AM] INFO [ 'Trial job vFKiF status changed from RUNNING to SUCCEEDED' ]
[6/8/2020, 3:49:10 AM] INFO [ 'NNIManager received command from dispatcher: TR, {"parameter_id": 4, "parameter_source": "algorithm", "parameters": {"model": "vgg16", "optimizer": "rmsprop", "weight_decay": 0.0005, "momentum": 0.99, "batch_size": 256, "initial_lr": 0.001}, "parameter_index": 0}' ]
[6/8/2020, 3:49:15 AM] INFO [ 'submitTrialJob: form: {"sequenceId":4,"hyperParameters":{"value":"{\\"parameter_id\\": 4, \\"parameter_source\\": \\"algorithm\\", \\"parameters\\": {\\"model\\": \\"vgg16\\", \\"optimizer\\": \\"rmsprop\\", \\"weight_decay\\": 0.0005, \\"momentum\\": 0.99, \\"batch_size\\": 256, \\"initial_lr\\": 0.001}, \\"parameter_index\\": 0}","index":0}}' ]
[6/8/2020, 3:49:20 AM] INFO [ 'Trial job dNZhu status changed from WAITING to RUNNING' ]
[6/8/2020, 4:01:57 AM] INFO [ 'Trial job VlD5h status changed from RUNNING to SUCCEEDED' ]
[6/8/2020, 4:01:57 AM] INFO [ 'NNIManager received command from dispatcher: TR, {"parameter_id": 5, "parameter_source": "algorithm", "parameters": {"model": "vgg16_bn", "optimizer": "sgd", "weight_decay": 5e-05, "momentum": 0.9, "batch_size": 256, "initial_lr": 0.01}, "parameter_index": 0}' ]
[6/8/2020, 4:02:02 AM] INFO [ 'submitTrialJob: form: {"sequenceId":5,"hyperParameters":{"value":"{\\"parameter_id\\": 5, \\"parameter_source\\": \\"algorithm\\", \\"parameters\\": {\\"model\\": \\"vgg16_bn\\", \\"optimizer\\": \\"sgd\\", \\"weight_decay\\": 5e-05, \\"momentum\\": 0.9, \\"batch_size\\": 256, \\"initial_lr\\": 0.01}, \\"parameter_index\\": 0}","index":0}}' ]
[6/8/2020, 4:02:07 AM] INFO [ 'Trial job JmsQ7 status changed from WAITING to RUNNING' ]
[6/8/2020, 4:07:55 AM] INFO [ 'NNIManager received command from dispatcher: KI, "VlD5h"' ]
[6/8/2020, 4:07:55 AM] INFO [ 'cancelTrialJob: VlD5h' ]
[6/8/2020, 4:26:04 AM] INFO [ 'NNIManager received command from dispatcher: KI, "VlD5h"' ]
[6/8/2020, 4:26:04 AM] INFO [ 'cancelTrialJob: VlD5h' ]
[6/8/2020, 4:44:21 AM] INFO [ 'NNIManager received command from dispatcher: KI, "VlD5h"' ]
[6/8/2020, 4:44:21 AM] INFO [ 'cancelTrialJob: VlD5h' ]
[6/8/2020, 5:03:04 AM] INFO [ 'NNIManager received command from dispatcher: KI, "VlD5h"' ]
[6/8/2020, 5:03:04 AM] INFO [ 'cancelTrialJob: VlD5h' ]
[6/8/2020, 5:21:52 AM] INFO [ 'NNIManager received command from dispatcher: KI, "VlD5h"' ]
[6/8/2020, 5:21:52 AM] INFO [ 'cancelTrialJob: VlD5h' ]
[6/8/2020, 5:34:14 AM] INFO [ 'Trial job dNZhu status changed from RUNNING to SUCCEEDED' ]
[6/8/2020, 5:34:14 AM] INFO [ 'NNIManager received command from dispatcher: TR, {"parameter_id": 6, "parameter_source": "algorithm", "parameters": {"model": "vgg16_bn", "optimizer": "sgd", "weight_decay": 0.0005, "momentum": 0.99, "batch_size": 128, "initial_lr": 0.01}, "parameter_index": 0}' ]
[6/8/2020, 5:34:19 AM] INFO [ 'submitTrialJob: form: {"sequenceId":6,"hyperParameters":{"value":"{\\"parameter_id\\": 6, \\"parameter_source\\": \\"algorithm\\", \\"parameters\\": {\\"model\\": \\"vgg16_bn\\", \\"optimizer\\": \\"sgd\\", \\"weight_decay\\": 0.0005, \\"momentum\\": 0.99, \\"batch_size\\": 128, \\"initial_lr\\": 0.01}, \\"parameter_index\\": 0}","index":0}}' ]
[6/8/2020, 5:34:24 AM] INFO [ 'Trial job jfExx status changed from WAITING to RUNNING' ]
[6/8/2020, 5:40:42 AM] INFO [ 'NNIManager received command from dispatcher: KI, "VlD5h"' ]
[6/8/2020, 5:40:42 AM] INFO [ 'cancelTrialJob: VlD5h' ]
[6/8/2020, 5:43:00 AM] INFO [ 'Trial job JmsQ7 status changed from RUNNING to SUCCEEDED' ]
[6/8/2020, 5:43:00 AM] INFO [ 'NNIManager received command from dispatcher: TR, {"parameter_id": 7, "parameter_source": "algorithm", "parameters": {"model": "vgg16_bn", "optimizer": "rmsprop", "weight_decay": 0.0005, "momentum": 0.99, "batch_size": 256, "initial_lr": 1e-05}, "parameter_index": 0}' ]
[6/8/2020, 5:43:05 AM] INFO [ 'submitTrialJob: form: {"sequenceId":7,"hyperParameters":{"value":"{\\"parameter_id\\": 7, \\"parameter_source\\": \\"algorithm\\", \\"parameters\\": {\\"model\\": \\"vgg16_bn\\", \\"optimizer\\": \\"rmsprop\\", \\"weight_decay\\": 0.0005, \\"momentum\\": 0.99, \\"batch_size\\": 256, \\"initial_lr\\": 1e-05}, \\"parameter_index\\": 0}","index":0}}' ]
[6/8/2020, 5:43:10 AM] INFO [ 'Trial job ZyUZY status changed from WAITING to RUNNING' ]
[6/8/2020, 5:59:30 AM] INFO [ 'NNIManager received command from dispatcher: KI, "VlD5h"' ]
[6/8/2020, 5:59:30 AM] INFO [ 'cancelTrialJob: VlD5h' ]
[6/8/2020, 6:37:45 AM] INFO [ 'NNIManager received command from dispatcher: KI, "VlD5h"' ]
[6/8/2020, 6:37:45 AM] INFO [ 'cancelTrialJob: VlD5h' ]
[6/8/2020, 6:57:05 AM] INFO [ 'NNIManager received command from dispatcher: KI, "VlD5h"' ]
[6/8/2020, 6:57:05 AM] INFO [ 'cancelTrialJob: VlD5h' ]
[6/8/2020, 7:16:40 AM] INFO [ 'NNIManager received command from dispatcher: KI, "VlD5h"' ]
[6/8/2020, 7:16:40 AM] INFO [ 'cancelTrialJob: VlD5h' ]
[6/8/2020, 7:33:11 AM] INFO [ 'Trial job ZyUZY status changed from RUNNING to SUCCEEDED' ]
[6/8/2020, 7:33:11 AM] INFO [ 'NNIManager received command from dispatcher: TR, {"parameter_id": 8, "parameter_source": "algorithm", "parameters": {"model": "vgg16", "optimizer": "sgd", "weight_decay": 5e-05, "momentum": 0.5, "batch_size": 128, "initial_lr": 0.0001}, "parameter_index": 0}' ]
[6/8/2020, 7:33:16 AM] INFO [ 'submitTrialJob: form: {"sequenceId":8,"hyperParameters":{"value":"{\\"parameter_id\\": 8, \\"parameter_source\\": \\"algorithm\\", \\"parameters\\": {\\"model\\": \\"vgg16\\", \\"optimizer\\": \\"sgd\\", \\"weight_decay\\": 5e-05, \\"momentum\\": 0.5, \\"batch_size\\": 128, \\"initial_lr\\": 0.0001}, \\"parameter_index\\": 0}","index":0}}' ]
[6/8/2020, 7:33:21 AM] INFO [ 'Trial job okrzB status changed from WAITING to RUNNING' ]
[6/8/2020, 7:36:29 AM] INFO [ 'NNIManager received command from dispatcher: KI, "VlD5h"' ]
[6/8/2020, 7:36:29 AM] INFO [ 'cancelTrialJob: VlD5h' ]
[6/8/2020, 7:38:12 AM] INFO [ 'Trial job jfExx status changed from RUNNING to SUCCEEDED' ]
[6/8/2020, 7:38:12 AM] INFO [ 'NNIManager received command from dispatcher: TR, {"parameter_id": 9, "parameter_source": "algorithm", "parameters": {"model": "vgg16", "optimizer": "rmsprop", "weight_decay": 5e-05, "momentum": 0.5, "batch_size": 256, "initial_lr": 1e-05}, "parameter_index": 0}' ]
[6/8/2020, 7:38:17 AM] INFO [ 'submitTrialJob: form: {"sequenceId":9,"hyperParameters":{"value":"{\\"parameter_id\\": 9, \\"parameter_source\\": \\"algorithm\\", \\"parameters\\": {\\"model\\": \\"vgg16\\", \\"optimizer\\": \\"rmsprop\\", \\"weight_decay\\": 5e-05, \\"momentum\\": 0.5, \\"batch_size\\": 256, \\"initial_lr\\": 1e-05}, \\"parameter_index\\": 0}","index":0}}' ]
[6/8/2020, 7:38:22 AM] INFO [ 'Trial job JqzDs status changed from WAITING to RUNNING' ]
[6/8/2020, 7:56:46 AM] INFO [ 'NNIManager received command from dispatcher: KI, "VlD5h"' ]
[6/8/2020, 7:56:46 AM] INFO [ 'cancelTrialJob: VlD5h' ]
[6/8/2020, 8:37:34 AM] INFO [ 'NNIManager received command from dispatcher: KI, "VlD5h"' ]
[6/8/2020, 8:37:34 AM] INFO [ 'cancelTrialJob: VlD5h' ]
[6/8/2020, 8:58:21 AM] INFO [ 'NNIManager received command from dispatcher: KI, "VlD5h"' ]
[6/8/2020, 8:58:21 AM] INFO [ 'cancelTrialJob: VlD5h' ]
[6/8/2020, 9:26:58 AM] INFO [ 'Trial job JqzDs status changed from RUNNING to SUCCEEDED' ]
[6/8/2020, 9:26:59 AM] INFO [ 'NNIManager received command from dispatcher: TR, {"parameter_id": 10, "parameter_source": "algorithm", "parameters": {"model": "vgg16", "optimizer": "sgd", "weight_decay": 0.0001, "momentum": 0.9, "batch_size": 128, "initial_lr": 0.001}, "parameter_index": 0}' ]
[6/8/2020, 9:27:03 AM] INFO [ 'submitTrialJob: form: {"sequenceId":10,"hyperParameters":{"value":"{\\"parameter_id\\": 10, \\"parameter_source\\": \\"algorithm\\", \\"parameters\\": {\\"model\\": \\"vgg16\\", \\"optimizer\\": \\"sgd\\", \\"weight_decay\\": 0.0001, \\"momentum\\": 0.9, \\"batch_size\\": 128, \\"initial_lr\\": 0.001}, \\"parameter_index\\": 0}","index":0}}' ]
[6/8/2020, 9:27:09 AM] INFO [ 'Trial job aEy0n status changed from WAITING to RUNNING' ]
[6/8/2020, 9:31:24 AM] INFO [ 'Trial job okrzB status changed from RUNNING to SUCCEEDED' ]
[6/8/2020, 9:31:24 AM] INFO [ 'NNIManager received command from dispatcher: TR, {"parameter_id": 11, "parameter_source": "algorithm", "parameters": {"model": "vgg16", "optimizer": "sgd", "weight_decay": 5e-05, "momentum": 0.9, "batch_size": 256, "initial_lr": 0.001}, "parameter_index": 0}' ]
[6/8/2020, 9:31:29 AM] INFO [ 'submitTrialJob: form: {"sequenceId":11,"hyperParameters":{"value":"{\\"parameter_id\\": 11, \\"parameter_source\\": \\"algorithm\\", \\"parameters\\": {\\"model\\": \\"vgg16\\", \\"optimizer\\": \\"sgd\\", \\"weight_decay\\": 5e-05, \\"momentum\\": 0.9, \\"batch_size\\": 256, \\"initial_lr\\": 0.001}, \\"parameter_index\\": 0}","index":0}}' ]
[6/8/2020, 9:31:34 AM] INFO [ 'Trial job JmUbO status changed from WAITING to RUNNING' ]
[6/8/2020, 9:40:05 AM] INFO [ 'NNIManager received command from dispatcher: KI, "VlD5h"' ]
[6/8/2020, 9:40:05 AM] INFO [ 'cancelTrialJob: VlD5h' ]
[6/8/2020, 10:00:59 AM] INFO [ 'NNIManager received command from dispatcher: KI, "VlD5h"' ]
[6/8/2020, 10:00:59 AM] INFO [ 'cancelTrialJob: VlD5h' ]
[6/8/2020, 10:21:53 AM] INFO [ 'NNIManager received command from dispatcher: KI, "VlD5h"' ]
[6/8/2020, 10:21:53 AM] INFO [ 'cancelTrialJob: VlD5h' ]
[6/8/2020, 10:42:49 AM] INFO [ 'NNIManager received command from dispatcher: KI, "VlD5h"' ]
[6/8/2020, 10:42:49 AM] INFO [ 'cancelTrialJob: VlD5h' ]
[6/8/2020, 11:04:06 AM] INFO [ 'NNIManager received command from dispatcher: KI, "VlD5h"' ]
[6/8/2020, 11:04:06 AM] INFO [ 'cancelTrialJob: VlD5h' ]
[6/8/2020, 11:07:41 AM] INFO [ 'Trial job JmUbO status changed from RUNNING to SUCCEEDED' ]
[6/8/2020, 11:07:41 AM] INFO [ 'NNIManager received command from dispatcher: TR, {"parameter_id": 12, "parameter_source": "algorithm", "parameters": {"model": "vgg16_bn", "optimizer": "adam", "weight_decay": 5e-05, "momentum": 0.9, "batch_size": 256, "initial_lr": 0.001}, "parameter_index": 0}' ]
[6/8/2020, 11:07:46 AM] INFO [ 'submitTrialJob: form: {"sequenceId":12,"hyperParameters":{"value":"{\\"parameter_id\\": 12, \\"parameter_source\\": \\"algorithm\\", \\"parameters\\": {\\"model\\": \\"vgg16_bn\\", \\"optimizer\\": \\"adam\\", \\"weight_decay\\": 5e-05, \\"momentum\\": 0.9, \\"batch_size\\": 256, \\"initial_lr\\": 0.001}, \\"parameter_index\\": 0}","index":0}}' ]
[6/8/2020, 11:07:51 AM] INFO [ 'Trial job CzLdA status changed from WAITING to RUNNING' ]
[6/8/2020, 11:25:33 AM] INFO [ 'NNIManager received command from dispatcher: KI, "VlD5h"' ]
[6/8/2020, 11:25:33 AM] INFO [ 'cancelTrialJob: VlD5h' ]
[6/8/2020, 11:28:04 AM] INFO [ 'Trial job aEy0n status changed from RUNNING to SUCCEEDED' ]
[6/8/2020, 11:28:04 AM] INFO [ 'NNIManager received command from dispatcher: TR, {"parameter_id": 13, "parameter_source": "algorithm", "parameters": {"model": "vgg16_bn", "optimizer": "rmsprop", "weight_decay": 0.001, "momentum": 0.99, "batch_size": 128, "initial_lr": 1e-05}, "parameter_index": 0}' ]
[6/8/2020, 11:28:09 AM] INFO [ 'submitTrialJob: form: {"sequenceId":13,"hyperParameters":{"value":"{\\"parameter_id\\": 13, \\"parameter_source\\": \\"algorithm\\", \\"parameters\\": {\\"model\\": \\"vgg16_bn\\", \\"optimizer\\": \\"rmsprop\\", \\"weight_decay\\": 0.001, \\"momentum\\": 0.99, \\"batch_size\\": 128, \\"initial_lr\\": 1e-05}, \\"parameter_index\\": 0}","index":0}}' ]
[6/8/2020, 11:28:14 AM] INFO [ 'Trial job IenDD status changed from WAITING to RUNNING' ]
[6/8/2020, 11:47:10 AM] INFO [ 'NNIManager received command from dispatcher: KI, "VlD5h"' ]
[6/8/2020, 11:47:10 AM] INFO [ 'cancelTrialJob: VlD5h' ]
[6/8/2020, 12:09:06 PM] INFO [ 'NNIManager received command from dispatcher: KI, "VlD5h"' ]
[6/8/2020, 12:09:06 PM] INFO [ 'cancelTrialJob: VlD5h' ]
[6/8/2020, 12:59:17 PM] INFO [ 'Trial job CzLdA status changed from RUNNING to SUCCEEDED' ]
[6/8/2020, 12:59:17 PM] INFO [ 'NNIManager received command from dispatcher: TR, {"parameter_id": 14, "parameter_source": "algorithm", "parameters": {"model": "vgg16_bn", "optimizer": "sgd", "weight_decay": 0.0005, "momentum": 0.5, "batch_size": 128, "initial_lr": 0.0001}, "parameter_index": 0}' ]
[6/8/2020, 12:59:22 PM] INFO [ 'submitTrialJob: form: {"sequenceId":14,"hyperParameters":{"value":"{\\"parameter_id\\": 14, \\"parameter_source\\": \\"algorithm\\", \\"parameters\\": {\\"model\\": \\"vgg16_bn\\", \\"optimizer\\": \\"sgd\\", \\"weight_decay\\": 0.0005, \\"momentum\\": 0.5, \\"batch_size\\": 128, \\"initial_lr\\": 0.0001}, \\"parameter_index\\": 0}","index":0}}' ]
[6/8/2020, 12:59:27 PM] INFO [ 'Trial job fDp0v status changed from WAITING to RUNNING' ]
[6/8/2020, 1:52:55 PM] INFO [ 'Trial job IenDD status changed from RUNNING to SUCCEEDED' ]
[6/8/2020, 1:52:55 PM] INFO [ 'NNIManager received command from dispatcher: TR, {"parameter_id": 15, "parameter_source": "algorithm", "parameters": {"model": "vgg16", "optimizer": "sgd", "weight_decay": 0.0001, "momentum": 0.9, "batch_size": 256, "initial_lr": 1e-05}, "parameter_index": 0}' ]
[6/8/2020, 1:53:00 PM] INFO [ 'submitTrialJob: form: {"sequenceId":15,"hyperParameters":{"value":"{\\"parameter_id\\": 15, \\"parameter_source\\": \\"algorithm\\", \\"parameters\\": {\\"model\\": \\"vgg16\\", \\"optimizer\\": \\"sgd\\", \\"weight_decay\\": 0.0001, \\"momentum\\": 0.9, \\"batch_size\\": 256, \\"initial_lr\\": 1e-05}, \\"parameter_index\\": 0}","index":0}}' ]
[6/8/2020, 1:53:05 PM] INFO [ 'Trial job G9yFm status changed from WAITING to RUNNING' ]
[6/8/2020, 3:03:06 PM] INFO [ 'Trial job fDp0v status changed from RUNNING to SUCCEEDED' ]
[6/8/2020, 3:03:06 PM] INFO [ 'NNIManager received command from dispatcher: TR, {"parameter_id": 16, "parameter_source": "algorithm", "parameters": {"model": "vgg16", "optimizer": "adam", "weight_decay": 5e-05, "momentum": 0.99, "batch_size": 128, "initial_lr": 1e-05}, "parameter_index": 0}' ]
[6/8/2020, 3:03:11 PM] INFO [ 'submitTrialJob: form: {"sequenceId":16,"hyperParameters":{"value":"{\\"parameter_id\\": 16, \\"parameter_source\\": \\"algorithm\\", \\"parameters\\": {\\"model\\": \\"vgg16\\", \\"optimizer\\": \\"adam\\", \\"weight_decay\\": 5e-05, \\"momentum\\": 0.99, \\"batch_size\\": 128, \\"initial_lr\\": 1e-05}, \\"parameter_index\\": 0}","index":0}}' ]
[6/8/2020, 3:03:16 PM] INFO [ 'Trial job rw33Z status changed from WAITING to RUNNING' ]
[6/8/2020, 3:32:05 PM] INFO [ 'Trial job G9yFm status changed from RUNNING to SUCCEEDED' ]
[6/8/2020, 3:32:05 PM] INFO [ 'NNIManager received command from dispatcher: TR, {"parameter_id": 17, "parameter_source": "algorithm", "parameters": {"model": "vgg16", "optimizer": "rmsprop", "weight_decay": 5e-05, "momentum": 0.5, "batch_size": 256, "initial_lr": 0.0001}, "parameter_index": 0}' ]
[6/8/2020, 3:32:10 PM] INFO [ 'submitTrialJob: form: {"sequenceId":17,"hyperParameters":{"value":"{\\"parameter_id\\": 17, \\"parameter_source\\": \\"algorithm\\", \\"parameters\\": {\\"model\\": \\"vgg16\\", \\"optimizer\\": \\"rmsprop\\", \\"weight_decay\\": 5e-05, \\"momentum\\": 0.5, \\"batch_size\\": 256, \\"initial_lr\\": 0.0001}, \\"parameter_index\\": 0}","index":0}}' ]
[6/8/2020, 3:32:20 PM] INFO [ 'Trial job AxXDH status changed from WAITING to RUNNING' ]
[6/8/2020, 3:57:36 PM] INFO [ 'NNIManager received command from dispatcher: KI, "VlD5h"' ]
[6/8/2020, 3:57:36 PM] INFO [ 'cancelTrialJob: VlD5h' ]
[6/8/2020, 3:57:53 PM] INFO [ 'NNIManager received command from dispatcher: KI, "VlD5h"' ]
[6/8/2020, 3:57:53 PM] INFO [ 'cancelTrialJob: VlD5h' ]
[6/8/2020, 3:58:10 PM] INFO [ 'NNIManager received command from dispatcher: KI, "VlD5h"' ]
[6/8/2020, 3:58:10 PM] INFO [ 'cancelTrialJob: VlD5h' ]
[6/8/2020, 3:58:29 PM] INFO [ 'NNIManager received command from dispatcher: KI, "VlD5h"' ]
[6/8/2020, 3:58:29 PM] INFO [ 'cancelTrialJob: VlD5h' ]
[6/8/2020, 3:58:48 PM] INFO [ 'NNIManager received command from dispatcher: KI, "VlD5h"' ]
[6/8/2020, 3:58:48 PM] INFO [ 'cancelTrialJob: VlD5h' ]
[6/8/2020, 3:58:49 PM] INFO [ 'NNIManager received command from dispatcher: KI, "vFKiF"' ]
[6/8/2020, 3:58:49 PM] INFO [ 'cancelTrialJob: vFKiF' ]
[6/8/2020, 3:59:12 PM] INFO [ 'NNIManager received command from dispatcher: KI, "VlD5h"' ]
[6/8/2020, 3:59:12 PM] INFO [ 'cancelTrialJob: VlD5h' ]
[6/8/2020, 3:59:13 PM] INFO [ 'NNIManager received command from dispatcher: KI, "vFKiF"' ]
[6/8/2020, 3:59:13 PM] INFO [ 'cancelTrialJob: vFKiF' ]
[6/8/2020, 3:59:13 PM] INFO [ 'NNIManager received command from dispatcher: KI, "vFKiF"' ]
[6/8/2020, 3:59:13 PM] INFO [ 'cancelTrialJob: vFKiF' ]
[6/8/2020, 3:59:38 PM] INFO [ 'NNIManager received command from dispatcher: KI, "VlD5h"' ]
[6/8/2020, 3:59:38 PM] INFO [ 'cancelTrialJob: VlD5h' ]
[6/8/2020, 4:00:03 PM] INFO [ 'NNIManager received command from dispatcher: KI, "VlD5h"' ]
[6/8/2020, 4:00:03 PM] INFO [ 'cancelTrialJob: VlD5h' ]
[6/8/2020, 4:00:04 PM] INFO [ 'NNIManager received command from dispatcher: KI, "vFKiF"' ]
[6/8/2020, 4:00:04 PM] INFO [ 'cancelTrialJob: vFKiF' ]
[6/8/2020, 4:00:24 PM] INFO [ 'NNIManager received command from dispatcher: KI, "VlD5h"' ]
[6/8/2020, 4:00:24 PM] INFO [ 'cancelTrialJob: VlD5h' ]
[6/8/2020, 4:00:25 PM] INFO [ 'NNIManager received command from dispatcher: KI, "vFKiF"' ]
[6/8/2020, 4:00:25 PM] INFO [ 'cancelTrialJob: vFKiF' ]
[6/8/2020, 4:00:47 PM] INFO [ 'NNIManager received command from dispatcher: KI, "VlD5h"' ]
[6/8/2020, 4:00:47 PM] INFO [ 'cancelTrialJob: VlD5h' ]
[6/8/2020, 4:00:48 PM] INFO [ 'NNIManager received command from dispatcher: KI, "vFKiF"' ]
[6/8/2020, 4:00:48 PM] INFO [ 'cancelTrialJob: vFKiF' ]
[6/8/2020, 4:01:10 PM] INFO [ 'NNIManager received command from dispatcher: KI, "VlD5h"' ]
[6/8/2020, 4:01:10 PM] INFO [ 'cancelTrialJob: VlD5h' ]
[6/8/2020, 4:01:34 PM] INFO [ 'NNIManager received command from dispatcher: KI, "VlD5h"' ]
[6/8/2020, 4:01:34 PM] INFO [ 'cancelTrialJob: VlD5h' ]
[6/8/2020, 4:05:07 PM] INFO [ 'NNIManager received command from dispatcher: KI, "vFKiF"' ]
[6/8/2020, 4:05:07 PM] INFO [ 'cancelTrialJob: vFKiF' ]
[6/8/2020, 4:05:53 PM] INFO [ 'NNIManager received command from dispatcher: KI, "vFKiF"' ]
[6/8/2020, 4:05:53 PM] INFO [ 'cancelTrialJob: vFKiF' ]
[6/8/2020, 4:06:41 PM] INFO [ 'NNIManager received command from dispatcher: KI, "vFKiF"' ]
[6/8/2020, 4:06:41 PM] INFO [ 'cancelTrialJob: vFKiF' ]
[6/8/2020, 4:07:23 PM] INFO [ 'NNIManager received command from dispatcher: KI, "VlD5h"' ]
[6/8/2020, 4:07:23 PM] INFO [ 'cancelTrialJob: VlD5h' ]
[6/8/2020, 4:07:30 PM] INFO [ 'NNIManager received command from dispatcher: KI, "vFKiF"' ]
[6/8/2020, 4:07:30 PM] INFO [ 'cancelTrialJob: vFKiF' ]
[6/8/2020, 4:08:30 PM] INFO [ 'NNIManager received command from dispatcher: KI, "vFKiF"' ]
[6/8/2020, 4:08:30 PM] INFO [ 'cancelTrialJob: vFKiF' ]
[6/8/2020, 4:09:32 PM] INFO [ 'NNIManager received command from dispatcher: KI, "vFKiF"' ]
[6/8/2020, 4:09:32 PM] INFO [ 'cancelTrialJob: vFKiF' ]
[6/8/2020, 4:10:36 PM] INFO [ 'NNIManager received command from dispatcher: KI, "vFKiF"' ]
[6/8/2020, 4:10:36 PM] INFO [ 'cancelTrialJob: vFKiF' ]
[6/8/2020, 4:10:46 PM] INFO [ 'NNIManager received command from dispatcher: KI, "vFKiF"' ]
[6/8/2020, 4:10:46 PM] INFO [ 'cancelTrialJob: vFKiF' ]
[6/8/2020, 4:11:57 PM] INFO [ 'NNIManager received command from dispatcher: KI, "vFKiF"' ]
[6/8/2020, 4:11:57 PM] INFO [ 'cancelTrialJob: vFKiF' ]
[6/8/2020, 4:13:11 PM] INFO [ 'NNIManager received command from dispatcher: KI, "vFKiF"' ]
[6/8/2020, 4:13:11 PM] INFO [ 'cancelTrialJob: vFKiF' ]
[6/8/2020, 4:14:28 PM] INFO [ 'NNIManager received command from dispatcher: KI, "vFKiF"' ]
[6/8/2020, 4:14:28 PM] INFO [ 'cancelTrialJob: vFKiF' ]
[6/8/2020, 4:15:47 PM] INFO [ 'NNIManager received command from dispatcher: KI, "vFKiF"' ]
[6/8/2020, 4:15:47 PM] INFO [ 'cancelTrialJob: vFKiF' ]
[6/8/2020, 4:16:04 PM] INFO [ 'NNIManager received command from dispatcher: KI, "vFKiF"' ]
[6/8/2020, 4:16:04 PM] INFO [ 'cancelTrialJob: vFKiF' ]
[6/8/2020, 4:17:28 PM] INFO [ 'NNIManager received command from dispatcher: KI, "vFKiF"' ]
[6/8/2020, 4:17:28 PM] INFO [ 'cancelTrialJob: vFKiF' ]
[6/8/2020, 4:18:55 PM] INFO [ 'NNIManager received command from dispatcher: KI, "vFKiF"' ]
[6/8/2020, 4:18:55 PM] INFO [ 'cancelTrialJob: vFKiF' ]
[6/8/2020, 4:20:24 PM] INFO [ 'NNIManager received command from dispatcher: KI, "vFKiF"' ]
[6/8/2020, 4:20:24 PM] INFO [ 'cancelTrialJob: vFKiF' ]
[6/8/2020, 4:21:56 PM] INFO [ 'NNIManager received command from dispatcher: KI, "vFKiF"' ]
[6/8/2020, 4:21:56 PM] INFO [ 'cancelTrialJob: vFKiF' ]
[6/8/2020, 4:22:17 PM] INFO [ 'NNIManager received command from dispatcher: KI, "vFKiF"' ]
[6/8/2020, 4:22:17 PM] INFO [ 'cancelTrialJob: vFKiF' ]
[6/8/2020, 4:23:53 PM] INFO [ 'NNIManager received command from dispatcher: KI, "vFKiF"' ]
[6/8/2020, 4:23:53 PM] INFO [ 'cancelTrialJob: vFKiF' ]
[6/8/2020, 4:25:32 PM] INFO [ 'NNIManager received command from dispatcher: KI, "vFKiF"' ]
[6/8/2020, 4:25:32 PM] INFO [ 'cancelTrialJob: vFKiF' ]
[6/8/2020, 4:27:14 PM] INFO [ 'NNIManager received command from dispatcher: KI, "vFKiF"' ]
[6/8/2020, 4:27:14 PM] INFO [ 'cancelTrialJob: vFKiF' ]
[6/8/2020, 4:27:34 PM] INFO [ 'NNIManager received command from dispatcher: KI, "vFKiF"' ]
[6/8/2020, 4:27:34 PM] INFO [ 'cancelTrialJob: vFKiF' ]
[6/8/2020, 4:29:15 PM] INFO [ 'NNIManager received command from dispatcher: KI, "vFKiF"' ]
[6/8/2020, 4:29:15 PM] INFO [ 'cancelTrialJob: vFKiF' ]
[6/8/2020, 4:31:00 PM] INFO [ 'NNIManager received command from dispatcher: KI, "vFKiF"' ]
[6/8/2020, 4:31:00 PM] INFO [ 'cancelTrialJob: vFKiF' ]
[6/8/2020, 4:32:48 PM] INFO [ 'NNIManager received command from dispatcher: KI, "vFKiF"' ]
[6/8/2020, 4:32:48 PM] INFO [ 'cancelTrialJob: vFKiF' ]
[6/8/2020, 4:34:39 PM] INFO [ 'NNIManager received command from dispatcher: KI, "vFKiF"' ]
[6/8/2020, 4:34:39 PM] INFO [ 'cancelTrialJob: vFKiF' ]
[6/8/2020, 4:38:44 PM] INFO [ 'NNIManager received command from dispatcher: KI, "VlD5h"' ]
[6/8/2020, 4:38:44 PM] INFO [ 'cancelTrialJob: VlD5h' ]
[6/8/2020, 4:40:52 PM] INFO [ 'NNIManager received command from dispatcher: KI, "VlD5h"' ]
[6/8/2020, 4:40:52 PM] INFO [ 'cancelTrialJob: VlD5h' ]
[6/8/2020, 4:43:04 PM] INFO [ 'NNIManager received command from dispatcher: KI, "VlD5h"' ]
[6/8/2020, 4:43:04 PM] INFO [ 'cancelTrialJob: VlD5h' ]
[6/8/2020, 4:45:58 PM] INFO [ 'NNIManager received command from dispatcher: KI, "VlD5h"' ]
[6/8/2020, 4:45:58 PM] INFO [ 'cancelTrialJob: VlD5h' ]
[6/8/2020, 4:48:19 PM] INFO [ 'NNIManager received command from dispatcher: KI, "VlD5h"' ]
[6/8/2020, 4:48:19 PM] INFO [ 'cancelTrialJob: VlD5h' ]
[6/8/2020, 4:50:43 PM] INFO [ 'NNIManager received command from dispatcher: KI, "VlD5h"' ]
[6/8/2020, 4:50:43 PM] INFO [ 'cancelTrialJob: VlD5h' ]
[6/8/2020, 4:51:26 PM] INFO [ 'NNIManager received command from dispatcher: KI, "vFKiF"' ]
[6/8/2020, 4:51:26 PM] INFO [ 'cancelTrialJob: vFKiF' ]
[6/8/2020, 4:52:11 PM] INFO [ 'NNIManager received command from dispatcher: KI, "vFKiF"' ]
[6/8/2020, 4:52:11 PM] INFO [ 'cancelTrialJob: vFKiF' ]
[6/8/2020, 4:53:54 PM] INFO [ 'NNIManager received command from dispatcher: KI, "VlD5h"' ]
[6/8/2020, 4:53:54 PM] INFO [ 'cancelTrialJob: VlD5h' ]
[6/8/2020, 4:54:40 PM] INFO [ 'NNIManager received command from dispatcher: KI, "vFKiF"' ]
[6/8/2020, 4:54:40 PM] INFO [ 'cancelTrialJob: vFKiF' ]
[6/8/2020, 4:56:29 PM] INFO [ 'NNIManager received command from dispatcher: KI, "VlD5h"' ]
[6/8/2020, 4:56:29 PM] INFO [ 'cancelTrialJob: VlD5h' ]
[6/8/2020, 4:57:18 PM] INFO [ 'NNIManager received command from dispatcher: KI, "vFKiF"' ]
[6/8/2020, 4:57:18 PM] INFO [ 'cancelTrialJob: vFKiF' ]
[6/8/2020, 4:59:09 PM] INFO [ 'NNIManager received command from dispatcher: KI, "VlD5h"' ]
[6/8/2020, 4:59:09 PM] INFO [ 'cancelTrialJob: VlD5h' ]
[6/8/2020, 5:19:17 PM] INFO [ 'Trial job AxXDH status changed from RUNNING to SUCCEEDED' ]
[6/8/2020, 5:19:17 PM] INFO [ 'NNIManager received command from dispatcher: TR, {"parameter_id": 18, "parameter_source": "algorithm", "parameters": {"model": "vgg16", "optimizer": "sgd", "weight_decay": 0.0005, "momentum": 0.99, "batch_size": 256, "initial_lr": 0.001}, "parameter_index": 0}' ]
[6/8/2020, 5:19:22 PM] INFO [ 'submitTrialJob: form: {"sequenceId":18,"hyperParameters":{"value":"{\\"parameter_id\\": 18, \\"parameter_source\\": \\"algorithm\\", \\"parameters\\": {\\"model\\": \\"vgg16\\", \\"optimizer\\": \\"sgd\\", \\"weight_decay\\": 0.0005, \\"momentum\\": 0.99, \\"batch_size\\": 256, \\"initial_lr\\": 0.001}, \\"parameter_index\\": 0}","index":0}}' ]
[6/8/2020, 5:19:27 PM] INFO [ 'Trial job oFaJQ status changed from WAITING to RUNNING' ]
[6/8/2020, 5:25:02 PM] INFO [ 'Trial job rw33Z status changed from RUNNING to SUCCEEDED' ]
[6/8/2020, 5:25:03 PM] INFO [ 'NNIManager received command from dispatcher: TR, {"parameter_id": 19, "parameter_source": "algorithm", "parameters": {"model": "vgg16_bn", "optimizer": "sgd", "weight_decay": 0.0005, "momentum": 0.5, "batch_size": 128, "initial_lr": 1e-05}, "parameter_index": 0}' ]
[6/8/2020, 5:25:07 PM] INFO [ 'submitTrialJob: form: {"sequenceId":19,"hyperParameters":{"value":"{\\"parameter_id\\": 19, \\"parameter_source\\": \\"algorithm\\", \\"parameters\\": {\\"model\\": \\"vgg16_bn\\", \\"optimizer\\": \\"sgd\\", \\"weight_decay\\": 0.0005, \\"momentum\\": 0.5, \\"batch_size\\": 128, \\"initial_lr\\": 1e-05}, \\"parameter_index\\": 0}","index":0}}' ]
[6/8/2020, 5:25:13 PM] INFO [ 'Trial job KqMsD status changed from WAITING to RUNNING' ]
[6/8/2020, 5:33:37 PM] INFO [ 'NNIManager received command from dispatcher: KI, "vFKiF"' ]
[6/8/2020, 5:33:37 PM] INFO [ 'cancelTrialJob: vFKiF' ]
[6/8/2020, 5:37:21 PM] INFO [ 'NNIManager received command from dispatcher: KI, "vFKiF"' ]
[6/8/2020, 5:37:21 PM] INFO [ 'cancelTrialJob: vFKiF' ]
[6/8/2020, 5:41:10 PM] INFO [ 'NNIManager received command from dispatcher: KI, "vFKiF"' ]
[6/8/2020, 5:41:10 PM] INFO [ 'cancelTrialJob: vFKiF' ]
[6/8/2020, 5:45:05 PM] INFO [ 'NNIManager received command from dispatcher: KI, "vFKiF"' ]
[6/8/2020, 5:45:05 PM] INFO [ 'cancelTrialJob: vFKiF' ]
[6/8/2020, 5:46:35 PM] INFO [ 'NNIManager received command from dispatcher: KI, "vFKiF"' ]
[6/8/2020, 5:46:35 PM] INFO [ 'cancelTrialJob: vFKiF' ]
[6/8/2020, 5:50:38 PM] INFO [ 'NNIManager received command from dispatcher: KI, "vFKiF"' ]
[6/8/2020, 5:50:38 PM] INFO [ 'cancelTrialJob: vFKiF' ]
[6/8/2020, 5:54:45 PM] INFO [ 'NNIManager received command from dispatcher: KI, "vFKiF"' ]
[6/8/2020, 5:54:45 PM] INFO [ 'cancelTrialJob: vFKiF' ]
[6/8/2020, 5:58:59 PM] INFO [ 'NNIManager received command from dispatcher: KI, "vFKiF"' ]
[6/8/2020, 5:58:59 PM] INFO [ 'cancelTrialJob: vFKiF' ]
[6/8/2020, 6:00:38 PM] INFO [ 'NNIManager received command from dispatcher: KI, "vFKiF"' ]
[6/8/2020, 6:00:38 PM] INFO [ 'cancelTrialJob: vFKiF' ]
[6/8/2020, 6:04:59 PM] INFO [ 'NNIManager received command from dispatcher: KI, "vFKiF"' ]
[6/8/2020, 6:04:59 PM] INFO [ 'cancelTrialJob: vFKiF' ]
[6/8/2020, 6:09:27 PM] INFO [ 'NNIManager received command from dispatcher: KI, "vFKiF"' ]
[6/8/2020, 6:09:27 PM] INFO [ 'cancelTrialJob: vFKiF' ]
[6/8/2020, 6:13:59 PM] INFO [ 'NNIManager received command from dispatcher: KI, "vFKiF"' ]
[6/8/2020, 6:13:59 PM] INFO [ 'cancelTrialJob: vFKiF' ]
[6/8/2020, 6:18:36 PM] INFO [ 'NNIManager received command from dispatcher: KI, "vFKiF"' ]
[6/8/2020, 6:18:36 PM] INFO [ 'cancelTrialJob: vFKiF' ]
[6/8/2020, 6:20:31 PM] INFO [ 'NNIManager received command from dispatcher: KI, "vFKiF"' ]
[6/8/2020, 6:20:31 PM] INFO [ 'cancelTrialJob: vFKiF' ]
[6/8/2020, 6:25:20 PM] INFO [ 'NNIManager received command from dispatcher: KI, "vFKiF"' ]
[6/8/2020, 6:25:20 PM] INFO [ 'cancelTrialJob: vFKiF' ]
[6/8/2020, 6:58:28 PM] INFO [ 'Trial job oFaJQ status changed from RUNNING to SUCCEEDED' ]
[6/8/2020, 6:58:28 PM] INFO [ 'NNIManager received command from dispatcher: TR, {"parameter_id": 20, "parameter_source": "algorithm", "parameters": {"model": "vgg16", "optimizer": "sgd", "weight_decay": 0.0005, "momentum": 0.9, "batch_size": 256, "initial_lr": 0.01}, "parameter_index": 0}' ]
[6/8/2020, 6:58:33 PM] INFO [ 'submitTrialJob: form: {"sequenceId":20,"hyperParameters":{"value":"{\\"parameter_id\\": 20, \\"parameter_source\\": \\"algorithm\\", \\"parameters\\": {\\"model\\": \\"vgg16\\", \\"optimizer\\": \\"sgd\\", \\"weight_decay\\": 0.0005, \\"momentum\\": 0.9, \\"batch_size\\": 256, \\"initial_lr\\": 0.01}, \\"parameter_index\\": 0}","index":0}}' ]
[6/8/2020, 6:58:43 PM] INFO [ 'Trial job S4aAH status changed from WAITING to RUNNING' ]
[6/8/2020, 7:28:53 PM] INFO [ 'Trial job KqMsD status changed from RUNNING to SUCCEEDED' ]
[6/8/2020, 7:28:53 PM] INFO [ 'NNIManager received command from dispatcher: TR, {"parameter_id": 21, "parameter_source": "algorithm", "parameters": {"model": "vgg16_bn", "optimizer": "adam", "weight_decay": 0.001, "momentum": 0.99, "batch_size": 128, "initial_lr": 0.01}, "parameter_index": 0}' ]
[6/8/2020, 7:28:58 PM] INFO [ 'submitTrialJob: form: {"sequenceId":21,"hyperParameters":{"value":"{\\"parameter_id\\": 21, \\"parameter_source\\": \\"algorithm\\", \\"parameters\\": {\\"model\\": \\"vgg16_bn\\", \\"optimizer\\": \\"adam\\", \\"weight_decay\\": 0.001, \\"momentum\\": 0.99, \\"batch_size\\": 128, \\"initial_lr\\": 0.01}, \\"parameter_index\\": 0}","index":0}}' ]
[6/8/2020, 7:29:08 PM] INFO [ 'Trial job xqpv6 status changed from WAITING to RUNNING' ]
[6/8/2020, 8:04:24 PM] INFO [ 'Change NNIManager status from: RUNNING to: NO_MORE_TRIAL' ]
[6/8/2020, 8:36:54 PM] INFO [ 'Trial job S4aAH status changed from RUNNING to SUCCEEDED' ]
[6/8/2020, 8:36:54 PM] INFO [ 'NNIManager received command from dispatcher: TR, {"parameter_id": 22, "parameter_source": "algorithm", "parameters": {"model": "vgg16_bn", "optimizer": "adam", "weight_decay": 0.001, "momentum": 0.99, "batch_size": 128, "initial_lr": 0.001}, "parameter_index": 0}' ]
[6/8/2020, 9:54:13 PM] INFO [ 'Trial job xqpv6 status changed from RUNNING to SUCCEEDED' ]
[6/8/2020, 9:54:13 PM] INFO [ 'Change NNIManager status from: NO_MORE_TRIAL to: DONE' ]
[6/8/2020, 9:54:13 PM] INFO [ 'Experiment done.' ]
[6/8/2020, 9:54:13 PM] INFO [ 'NNIManager received command from dispatcher: TR, {"parameter_id": 23, "parameter_source": "algorithm", "parameters": {"model": "vgg16_bn", "optimizer": "adam", "weight_decay": 0.0001, "momentum": 0.9, "batch_size": 256, "initial_lr": 0.0001}, "parameter_index": 0}' ]
